112.09.21 13:56 B C:\VijayProjects\essproducts\clicksure script\admin\hybrid\translist.php <-- www.traffichybrid.com /fc/admin translist.php
112.09.21 13:57 B C:\VijayProjects\essproducts\clicksure script\admin\hybrid\manageregistrations.tpl <-- www.traffichybrid.com /fc/admin manageregistrations.tpl
112.09.21 13:58 B C:\VijayProjects\essproducts\clicksure script\admin\hybrid\Receipt.php <-- www.traffichybrid.com /fc Receipt.php
112.09.21 13:59 B C:\VijayProjects\essproducts\clicksure script\admin\hybrid\processcallback.php <-- www.traffichybrid.com /fc processcallback.php
112.09.21 14:01 B C:\VijayProjects\essproducts\clicksure script\admin\hybrid\processcallback-test.php <-- www.traffichybrid.com /fc processcallback-test.php
112.09.21 14:01 B C:\VijayProjects\essproducts\clicksure script\admin\hybrid\AllReceipt.php <-- www.traffichybrid.com /fc AllReceipt.php
113.12.05 22:55 B C:\VijayProjects\essproducts\clickbetter\admin\hybrid\AllReceipt.php --> ftp3.ftptoyoursite.com /web/content/memeraccess/admin/hybrid AllReceipt.php
113.12.05 22:55 B C:\VijayProjects\essproducts\clickbetter\admin\hybrid\manageregistrations.tpl --> ftp3.ftptoyoursite.com /web/content/memeraccess/admin/hybrid manageregistrations.tpl
113.12.05 22:55 B C:\VijayProjects\essproducts\clickbetter\admin\hybrid\processcallback-test.php --> ftp3.ftptoyoursite.com /web/content/memeraccess/admin/hybrid processcallback-test.php
113.12.05 22:55 B C:\VijayProjects\essproducts\clickbetter\admin\hybrid\processcallback.php --> ftp3.ftptoyoursite.com /web/content/memeraccess/admin/hybrid processcallback.php
113.12.05 22:55 B C:\VijayProjects\essproducts\clickbetter\admin\hybrid\Receipt.php --> ftp3.ftptoyoursite.com /web/content/memeraccess/admin/hybrid Receipt.php
113.12.05 22:55 B C:\VijayProjects\essproducts\clickbetter\admin\hybrid\translist.php --> ftp3.ftptoyoursite.com /web/content/memeraccess/admin/hybrid translist.php
113.12.05 22:55 B C:\VijayProjects\essproducts\clickbetter\admin\hybrid\WS_FTP.LOG --> ftp3.ftptoyoursite.com /web/content/memeraccess/admin/hybrid WS_FTP.LOG
113.12.07 16:19 B C:\VijayProjects\essproducts\clickbetter\admin\hybrid\AllReceipt.php --> ftp3.ftptoyoursite.com /customers/admin/hybrid AllReceipt.php
113.12.07 16:19 B C:\VijayProjects\essproducts\clickbetter\admin\hybrid\manageregistrations.tpl --> ftp3.ftptoyoursite.com /customers/admin/hybrid manageregistrations.tpl
113.12.07 16:19 B C:\VijayProjects\essproducts\clickbetter\admin\hybrid\processcallback-test.php --> ftp3.ftptoyoursite.com /customers/admin/hybrid processcallback-test.php
113.12.07 16:19 B C:\VijayProjects\essproducts\clickbetter\admin\hybrid\processcallback.php --> ftp3.ftptoyoursite.com /customers/admin/hybrid processcallback.php
113.12.07 16:19 B C:\VijayProjects\essproducts\clickbetter\admin\hybrid\Receipt.php --> ftp3.ftptoyoursite.com /customers/admin/hybrid Receipt.php
113.12.07 16:19 B C:\VijayProjects\essproducts\clickbetter\admin\hybrid\translist.php --> ftp3.ftptoyoursite.com /customers/admin/hybrid translist.php
113.12.07 16:19 B C:\VijayProjects\essproducts\clickbetter\admin\hybrid\WS_FTP.LOG --> ftp3.ftptoyoursite.com /customers/admin/hybrid WS_FTP.LOG
