111.01.22 22:00 B E:\VijayProjects\essproducts\pmverify\admin\checklogin.php --> ftp3.ftptoyoursite.com /web/content/pmverify/admin checklogin.php
111.01.22 22:00 B E:\VijayProjects\essproducts\pmverify\admin\index.php --> ftp3.ftptoyoursite.com /web/content/pmverify/admin index.php
111.01.22 22:00 B E:\VijayProjects\essproducts\pmverify\admin\manageregistrations.tpl --> ftp3.ftptoyoursite.com /web/content/pmverify/admin manageregistrations.tpl
111.01.22 22:00 B E:\VijayProjects\essproducts\pmverify\admin\restoredatabase.php --> ftp3.ftptoyoursite.com /web/content/pmverify/admin restoredatabase.php
111.01.22 22:00 B E:\VijayProjects\essproducts\pmverify\admin\success.htm --> ftp3.ftptoyoursite.com /web/content/pmverify/admin success.htm
111.01.22 22:00 B E:\VijayProjects\essproducts\pmverify\admin\transdetail.php --> ftp3.ftptoyoursite.com /web/content/pmverify/admin transdetail.php
111.01.22 22:00 B E:\VijayProjects\essproducts\pmverify\admin\transdetailadd.php --> ftp3.ftptoyoursite.com /web/content/pmverify/admin transdetailadd.php
111.01.22 22:00 B E:\VijayProjects\essproducts\pmverify\admin\translist.php --> ftp3.ftptoyoursite.com /web/content/pmverify/admin translist.php
111.01.22 22:00 B E:\VijayProjects\essproducts\pmverify\admin\updatesettings.php --> ftp3.ftptoyoursite.com /web/content/pmverify/admin updatesettings.php
111.01.31 23:45 B E:\VijayProjects\essproducts\pmverify\admin\searechtrans.tpl --> ftp3.ftptoyoursite.com /web/content/pmverify/admin searechtrans.tpl
111.01.31 23:45 B E:\VijayProjects\essproducts\pmverify\admin\searchtranslist.php --> ftp3.ftptoyoursite.com /web/content/pmverify/admin searchtranslist.php
111.01.31 23:46 B E:\VijayProjects\essproducts\pmverify\admin\searchtranslist.php --> ftp3.ftptoyoursite.com /web/content/pmverify/admin searchtranslist.php
111.01.31 23:46 B E:\VijayProjects\essproducts\pmverify\admin\searchtrans.tpl --> ftp3.ftptoyoursite.com /web/content/pmverify/admin searchtrans.tpl
111.01.31 23:51 B E:\VijayProjects\essproducts\pmverify\admin\searchtrans.tpl --> ftp3.ftptoyoursite.com /web/content/pmverify/admin searchtrans.tpl
111.01.31 23:58 B E:\VijayProjects\essproducts\pmverify\admin\searchtrans.tpl --> ftp3.ftptoyoursite.com /web/content/pmverify/admin searchtrans.tpl
111.01.31 23:58 B E:\VijayProjects\essproducts\pmverify\admin\searchtranslist.php --> ftp3.ftptoyoursite.com /web/content/pmverify/admin searchtranslist.php
111.02.01 00:01 B E:\VijayProjects\essproducts\pmverify\admin\searchtrans.tpl --> ftp3.ftptoyoursite.com /web/content/pmverify/admin searchtrans.tpl
111.02.05 15:28 B E:\VijayProjects\essproducts\pmverify\admin\searchtrans.tpl --> ftp3.ftptoyoursite.com /web/content/pmverify/admin searchtrans.tpl
111.02.05 15:28 B E:\VijayProjects\essproducts\pmverify\admin\searchtranslist.php --> ftp3.ftptoyoursite.com /web/content/pmverify/admin searchtranslist.php
111.02.05 15:58 B E:\VijayProjects\essproducts\pmverify\admin\searchtranslist.php --> ftp3.ftptoyoursite.com /web/content/pmverify/admin searchtranslist.php
111.02.05 15:59 B E:\VijayProjects\essproducts\pmverify\admin\searchtranslist.php --> ftp3.ftptoyoursite.com /web/content/pmverify/admin searchtranslist.php
111.02.05 15:59 B E:\VijayProjects\essproducts\pmverify\admin\searchtrans.tpl --> ftp3.ftptoyoursite.com /web/content/pmverify/admin searchtrans.tpl
111.02.05 16:00 B E:\VijayProjects\essproducts\pmverify\admin\searchtrans.tpl --> ftp3.ftptoyoursite.com /web/content/pmverify/admin searchtrans.tpl
111.02.05 16:02 B E:\VijayProjects\essproducts\pmverify\admin\searchtranslist.php --> ftp3.ftptoyoursite.com /web/content/pmverify/admin searchtranslist.php
111.02.05 16:02 B E:\VijayProjects\essproducts\pmverify\admin\searchtranslist.php --> ftp3.ftptoyoursite.com /web/content/pmverify/admin searchtranslist.php
111.02.05 16:05 B E:\VijayProjects\essproducts\pmverify\admin\searchtranslist.php --> ftp3.ftptoyoursite.com /web/content/pmverify/admin searchtranslist.php
111.02.05 16:06 B E:\VijayProjects\essproducts\pmverify\admin\searchtranslist.php --> ftp3.ftptoyoursite.com /web/content/pmverify/admin searchtranslist.php
111.02.05 16:07 B E:\VijayProjects\essproducts\pmverify\admin\searchtranslist.php --> ftp3.ftptoyoursite.com /web/content/pmverify/admin searchtranslist.php
111.02.05 16:08 B E:\VijayProjects\essproducts\pmverify\admin\searchtranslist.php --> ftp3.ftptoyoursite.com /web/content/pmverify/admin searchtranslist.php
111.02.05 16:09 B E:\VijayProjects\essproducts\pmverify\admin\searchtrans.tpl --> ftp3.ftptoyoursite.com /web/content/pmverify/admin searchtrans.tpl
111.02.05 16:10 B E:\VijayProjects\essproducts\pmverify\admin\searchtrans.tpl --> ftp3.ftptoyoursite.com /web/content/pmverify/admin searchtrans.tpl
111.02.05 17:13 B E:\VijayProjects\essproducts\pmverify\admin\searchtranslist.php --> ftp3.ftptoyoursite.com /web/content/pmverify/admin searchtranslist.php
111.02.05 17:22 B E:\VijayProjects\essproducts\pmverify\admin\searchtrans.tpl --> ftp3.ftptoyoursite.com /web/content/pmverify/admin searchtrans.tpl
111.02.05 17:24 B E:\VijayProjects\essproducts\pmverify\admin\searchtrans.tpl --> ftp3.ftptoyoursite.com /web/content/pmverify/admin searchtrans.tpl
111.02.05 17:26 B E:\VijayProjects\essproducts\pmverify\admin\searchtranslist.php --> ftp3.ftptoyoursite.com /web/content/pmverify/admin searchtranslist.php
111.02.05 17:33 B E:\VijayProjects\essproducts\pmverify\admin\searchtrans.tpl --> ftp3.ftptoyoursite.com /web/content/pmverify/admin searchtrans.tpl
111.02.05 17:33 B E:\VijayProjects\essproducts\pmverify\admin\searchtranslist.php --> ftp3.ftptoyoursite.com /web/content/pmverify/admin searchtranslist.php
111.02.05 17:34 B E:\VijayProjects\essproducts\pmverify\admin\searchtranslist.php --> ftp3.ftptoyoursite.com /web/content/pmverify/admin searchtranslist.php
111.02.05 17:34 B E:\VijayProjects\essproducts\pmverify\admin\searchtrans.tpl --> ftp3.ftptoyoursite.com /web/content/pmverify/admin searchtrans.tpl
111.02.05 23:50 B E:\VijayProjects\essproducts\pmverify\admin\searchtranslist.php --> ftp3.ftptoyoursite.com /web/content/pmverify/admin searchtranslist.php
111.02.05 23:57 B E:\VijayProjects\essproducts\pmverify\admin\translist.php <-- www.paulponna.com /web/content/pmverify/admin translist.php
111.02.05 23:57 B E:\VijayProjects\essproducts\pmverify\admin\manageregistrations.tpl <-- www.paulponna.com /web/content/pmverify/admin manageregistrations.tpl
111.02.05 23:59 B E:\VijayProjects\essproducts\pmverify\admin\manageregistrations.tpl --> ftp3.ftptoyoursite.com /web/content/pmverify/admin manageregistrations.tpl
111.02.06 00:03 B E:\VijayProjects\essproducts\pmverify\admin\searchtrans.tpl --> ftp3.ftptoyoursite.com /web/content/pmverify/admin searchtrans.tpl
111.02.06 00:04 B E:\VijayProjects\essproducts\pmverify\admin\searchtranslist.php --> ftp3.ftptoyoursite.com /web/content/pmverify/admin searchtranslist.php
111.02.06 00:08 B E:\VijayProjects\essproducts\pmverify\admin\searchtranslist.php --> ftp3.ftptoyoursite.com /web/content/pmverify/admin searchtranslist.php
111.02.06 00:08 B E:\VijayProjects\essproducts\pmverify\admin\searchtranslist.php --> ftp3.ftptoyoursite.com /web/content/pmverify/admin searchtranslist.php
111.02.06 23:36 B E:\VijayProjects\essproducts\pmverify\admin\restoredatabase.php --> ftp3.ftptoyoursite.com /web/content/pmverify/admin restoredatabase.php
111.02.08 00:45 B E:\VijayProjects\essproducts\pmverify\admin\searchtranslist.php --> ftp3.ftptoyoursite.com /web/content/pmverify/admin searchtranslist.php
111.02.08 00:46 B E:\VijayProjects\essproducts\pmverify\admin\searchtrans.tpl --> ftp3.ftptoyoursite.com /web/content/pmverify/admin searchtrans.tpl
111.02.08 00:46 B E:\VijayProjects\essproducts\pmverify\admin\searchtrans.tpl --> ftp3.ftptoyoursite.com /web/content/pmverify/admin searchtrans.tpl
111.02.08 00:47 B E:\VijayProjects\essproducts\pmverify\admin\updatesettings.php --> ftp3.ftptoyoursite.com /web/content/pmverify/admin updatesettings.php
111.02.08 00:56 B E:\VijayProjects\essproducts\pmverify\admin\searchtranslist.php --> ftp3.ftptoyoursite.com /web/content/pmverify/admin searchtranslist.php
111.02.08 00:57 B E:\VijayProjects\essproducts\pmverify\admin\searchtranslist.php --> ftp3.ftptoyoursite.com /web/content/pmverify/admin searchtranslist.php
111.02.08 00:57 B E:\VijayProjects\essproducts\pmverify\admin\searchtranslist.php --> ftp3.ftptoyoursite.com /web/content/pmverify/admin searchtranslist.php
111.02.08 00:59 B E:\VijayProjects\essproducts\pmverify\admin\searchtranslist.php --> ftp3.ftptoyoursite.com /web/content/pmverify/admin searchtranslist.php
111.02.08 01:00 B E:\VijayProjects\essproducts\pmverify\admin\searchtranslist.php --> ftp3.ftptoyoursite.com /web/content/pmverify/admin searchtranslist.php
111.02.08 01:03 B E:\VijayProjects\essproducts\pmverify\admin\searchtranslist.php --> ftp3.ftptoyoursite.com /web/content/pmverify/admin searchtranslist.php
111.10.29 19:30 B E:\VijayProjects\essproducts\pmverify\admin\calendar_icon.png <-- www.paulponna.com /web/content/pmverify/admin calendar_icon.png
111.10.29 19:30 B E:\VijayProjects\essproducts\pmverify\admin\checklogin.php <-- www.paulponna.com /web/content/pmverify/admin checklogin.php
111.10.29 19:30 B E:\VijayProjects\essproducts\pmverify\admin\index.php <-- www.paulponna.com /web/content/pmverify/admin index.php
111.10.29 19:30 B E:\VijayProjects\essproducts\pmverify\admin\manageregistrations.tpl <-- www.paulponna.com /web/content/pmverify/admin manageregistrations.tpl
111.10.29 19:30 B E:\VijayProjects\essproducts\pmverify\admin\restoredatabase.php <-- www.paulponna.com /web/content/pmverify/admin restoredatabase.php
111.10.29 19:30 B E:\VijayProjects\essproducts\pmverify\admin\searchtrans.tpl <-- www.paulponna.com /web/content/pmverify/admin searchtrans.tpl
111.10.29 19:30 B E:\VijayProjects\essproducts\pmverify\admin\searchtranslist.php <-- www.paulponna.com /web/content/pmverify/admin searchtranslist.php
111.10.29 19:30 B E:\VijayProjects\essproducts\pmverify\admin\searechtrans.tpl <-- www.paulponna.com /web/content/pmverify/admin searechtrans.tpl
111.10.29 19:30 B E:\VijayProjects\essproducts\pmverify\admin\success.htm <-- www.paulponna.com /web/content/pmverify/admin success.htm
111.10.29 19:30 B E:\VijayProjects\essproducts\pmverify\admin\transdetail.php <-- www.paulponna.com /web/content/pmverify/admin transdetail.php
111.10.29 19:30 B E:\VijayProjects\essproducts\pmverify\admin\transdetailadd.php <-- www.paulponna.com /web/content/pmverify/admin transdetailadd.php
111.10.29 19:30 B E:\VijayProjects\essproducts\pmverify\admin\translist.php <-- www.paulponna.com /web/content/pmverify/admin translist.php
111.10.29 19:30 B E:\VijayProjects\essproducts\pmverify\admin\updatesettings.php <-- www.paulponna.com /web/content/pmverify/admin updatesettings.php
111.10.29 22:13 B E:\VijayProjects\essproducts\pmverify\admin\productlist.tpl --> ftp3.ftptoyoursite.com /web/content/pmverify/admin productlist.tpl
111.10.29 22:13 B E:\VijayProjects\essproducts\pmverify\admin\productslist.php --> ftp3.ftptoyoursite.com /web/content/pmverify/admin productslist.php
111.10.29 22:14 B E:\VijayProjects\essproducts\pmverify\admin\manageregistrations.tpl --> ftp3.ftptoyoursite.com /web/content/pmverify/admin manageregistrations.tpl
111.10.30 00:13 B E:\VijayProjects\essproducts\pmverify\admin\productdetail.php --> ftp3.ftptoyoursite.com /web/content/pmverify/admin productdetail.php
111.10.30 00:18 B E:\VijayProjects\essproducts\pmverify\admin\productdetail.php --> ftp3.ftptoyoursite.com /web/content/pmverify/admin productdetail.php
111.10.30 00:19 B E:\VijayProjects\essproducts\pmverify\admin\productdetail.php --> ftp3.ftptoyoursite.com /web/content/pmverify/admin productdetail.php
111.10.30 00:20 B E:\VijayProjects\essproducts\pmverify\admin\productdetail.php --> ftp3.ftptoyoursite.com /web/content/pmverify/admin productdetail.php
111.10.30 00:21 B E:\VijayProjects\essproducts\pmverify\admin\productdetail.php --> ftp3.ftptoyoursite.com /web/content/pmverify/admin productdetail.php
111.10.30 00:21 B E:\VijayProjects\essproducts\pmverify\admin\productdetail.php --> ftp3.ftptoyoursite.com /web/content/pmverify/admin productdetail.php
111.10.30 00:22 B E:\VijayProjects\essproducts\pmverify\admin\productdetail.php --> ftp3.ftptoyoursite.com /web/content/pmverify/admin productdetail.php
111.10.30 00:22 B E:\VijayProjects\essproducts\pmverify\admin\productdetail.php --> ftp3.ftptoyoursite.com /web/content/pmverify/admin productdetail.php
111.10.30 00:22 B E:\VijayProjects\essproducts\pmverify\admin\productdetail.php --> ftp3.ftptoyoursite.com /web/content/pmverify/admin productdetail.php
111.10.30 00:22 B E:\VijayProjects\essproducts\pmverify\admin\productdetail.php --> ftp3.ftptoyoursite.com /web/content/pmverify/admin productdetail.php
111.10.30 00:23 B E:\VijayProjects\essproducts\pmverify\admin\productdetail.php --> ftp3.ftptoyoursite.com /web/content/pmverify/admin productdetail.php
111.10.30 00:23 B E:\VijayProjects\essproducts\pmverify\admin\productdetail.php --> ftp3.ftptoyoursite.com /web/content/pmverify/admin productdetail.php
111.10.30 00:24 B E:\VijayProjects\essproducts\pmverify\admin\productdetail.php --> ftp3.ftptoyoursite.com /web/content/pmverify/admin productdetail.php
111.10.30 00:24 B E:\VijayProjects\essproducts\pmverify\admin\productdetail.php --> ftp3.ftptoyoursite.com /web/content/pmverify/admin productdetail.php
111.10.30 00:25 B E:\VijayProjects\essproducts\pmverify\admin\productdetail.php --> ftp3.ftptoyoursite.com /web/content/pmverify/admin productdetail.php
111.10.30 00:25 B E:\VijayProjects\essproducts\pmverify\admin\productdetail.php --> ftp3.ftptoyoursite.com /web/content/pmverify/admin productdetail.php
111.10.30 00:25 B E:\VijayProjects\essproducts\pmverify\admin\productdetail.php --> ftp3.ftptoyoursite.com /web/content/pmverify/admin productdetail.php
111.10.30 00:27 B E:\VijayProjects\essproducts\pmverify\admin\success.htm --> ftp3.ftptoyoursite.com /web/content/pmverify/admin success.htm
111.10.30 00:29 B E:\VijayProjects\essproducts\pmverify\admin\success.htm --> ftp3.ftptoyoursite.com /web/content/pmverify/admin success.htm
111.11.01 23:06 B E:\VijayProjects\essproducts\pmverify\admin\updatedeliverysettings.php --> ftp3.ftptoyoursite.com /web/content/pmverify/admin updatedeliverysettings.php
111.11.01 23:06 B E:\VijayProjects\essproducts\pmverify\admin\productlist.tpl --> ftp3.ftptoyoursite.com /web/content/pmverify/admin productlist.tpl
111.11.01 23:10 B E:\VijayProjects\essproducts\pmverify\admin\updatedeliverysettings.php --> ftp3.ftptoyoursite.com /web/content/pmverify/admin updatedeliverysettings.php
111.11.01 23:12 B E:\VijayProjects\essproducts\pmverify\admin\updatedeliverysettings.php --> ftp3.ftptoyoursite.com /web/content/pmverify/admin updatedeliverysettings.php
112.01.21 02:22 B E:\VijayProjects\essproducts\pmverify\admin\processCSV.php --> ftp3.ftptoyoursite.com /web/content/pmverify/admin processCSV.php
112.01.21 02:27 B E:\VijayProjects\essproducts\pmverify\admin\processCSV.php --> ftp3.ftptoyoursite.com /web/content/pmverify/admin processCSV.php
112.01.21 02:29 B E:\VijayProjects\essproducts\pmverify\admin\translist.php <-- www.paulponna.com /web/content/pmverify/admin translist.php
112.01.21 02:29 B E:\VijayProjects\essproducts\pmverify\admin\manageregistrations.tpl <-- www.paulponna.com /web/content/pmverify/admin manageregistrations.tpl
112.01.21 02:30 B E:\VijayProjects\essproducts\pmverify\admin\manageregistrations.tpl --> ftp3.ftptoyoursite.com /web/content/pmverify/admin manageregistrations.tpl
112.09.14 15:10 B C:\VijayProjects\essproducts\clicksure script\admin\calendar_icon.png --> ftp.rqcserver.com /members/admin calendar_icon.png
112.09.14 15:10 B C:\VijayProjects\essproducts\clicksure script\admin\checklogin.php --> ftp.rqcserver.com /members/admin checklogin.php
112.09.14 15:10 B C:\VijayProjects\essproducts\clicksure script\admin\index.php --> ftp.rqcserver.com /members/admin index.php
112.09.14 15:10 B C:\VijayProjects\essproducts\clicksure script\admin\manageregistrations.tpl --> ftp.rqcserver.com /members/admin manageregistrations.tpl
112.09.14 15:10 B C:\VijayProjects\essproducts\clicksure script\admin\processCSV.php --> ftp.rqcserver.com /members/admin processCSV.php
112.09.14 15:10 B C:\VijayProjects\essproducts\clicksure script\admin\productdetail.php --> ftp.rqcserver.com /members/admin productdetail.php
112.09.14 15:10 B C:\VijayProjects\essproducts\clicksure script\admin\productlist.tpl --> ftp.rqcserver.com /members/admin productlist.tpl
112.09.14 15:10 B C:\VijayProjects\essproducts\clicksure script\admin\productslist.php --> ftp.rqcserver.com /members/admin productslist.php
112.09.14 15:10 B C:\VijayProjects\essproducts\clicksure script\admin\restoredatabase.php --> ftp.rqcserver.com /members/admin restoredatabase.php
112.09.14 15:10 B C:\VijayProjects\essproducts\clicksure script\admin\searchtrans.tpl --> ftp.rqcserver.com /members/admin searchtrans.tpl
112.09.14 15:10 B C:\VijayProjects\essproducts\clicksure script\admin\searchtranslist.php --> ftp.rqcserver.com /members/admin searchtranslist.php
112.09.14 15:10 B C:\VijayProjects\essproducts\clicksure script\admin\searechtrans.tpl --> ftp.rqcserver.com /members/admin searechtrans.tpl
112.09.14 15:10 B C:\VijayProjects\essproducts\clicksure script\admin\success.htm --> ftp.rqcserver.com /members/admin success.htm
112.09.14 15:10 B C:\VijayProjects\essproducts\clicksure script\admin\transdetail.php --> ftp.rqcserver.com /members/admin transdetail.php
112.09.14 15:10 B C:\VijayProjects\essproducts\clicksure script\admin\transdetailadd.php --> ftp.rqcserver.com /members/admin transdetailadd.php
112.09.14 15:10 B C:\VijayProjects\essproducts\clicksure script\admin\translist.php --> ftp.rqcserver.com /members/admin translist.php
112.09.14 15:10 B C:\VijayProjects\essproducts\clicksure script\admin\updatedeliverysettings.php --> ftp.rqcserver.com /members/admin updatedeliverysettings.php
112.09.14 15:10 B C:\VijayProjects\essproducts\clicksure script\admin\updatesettings.php --> ftp.rqcserver.com /members/admin updatesettings.php
112.09.14 15:10 B C:\VijayProjects\essproducts\clicksure script\admin\WS_FTP.LOG --> ftp.rqcserver.com /members/admin WS_FTP.LOG
112.09.14 22:29 B C:\VijayProjects\essproducts\clicksure script\admin\translist.php --> ftp.rqcserver.com /members/admin translist.php
112.09.14 22:30 B C:\VijayProjects\essproducts\clicksure script\admin\translist.php --> ftp.rqcserver.com /members/admin translist.php
112.09.14 22:31 B C:\VijayProjects\essproducts\clicksure script\admin\translist.php --> ftp.rqcserver.com /members/admin translist.php
112.09.14 22:31 B C:\VijayProjects\essproducts\clicksure script\admin\translist.php --> ftp.rqcserver.com /members/admin translist.php
112.09.14 22:51 B C:\VijayProjects\essproducts\clicksure script\admin\translist.php --> ftp.rqcserver.com /members/admin translist.php
112.09.14 22:51 B C:\VijayProjects\essproducts\clicksure script\admin\manageregistrations.tpl --> ftp.rqcserver.com /members/admin manageregistrations.tpl
112.09.14 22:52 B C:\VijayProjects\essproducts\clicksure script\admin\manageregistrations.tpl --> ftp.rqcserver.com /members/admin manageregistrations.tpl
112.09.14 22:52 B C:\VijayProjects\essproducts\clicksure script\admin\translist.php --> ftp.rqcserver.com /members/admin translist.php
112.09.14 23:08 B C:\VijayProjects\essproducts\clicksure script\admin\translist.php --> ftp.rqcserver.com /members/admin translist.php
112.09.14 23:08 B C:\VijayProjects\essproducts\clicksure script\admin\manageregistrations.tpl --> ftp.rqcserver.com /members/admin manageregistrations.tpl
112.09.14 23:10 B C:\VijayProjects\essproducts\clicksure script\admin\translist.php --> ftp.rqcserver.com /members/admin translist.php
112.09.14 23:10 B C:\VijayProjects\essproducts\clicksure script\admin\translist.php --> ftp.rqcserver.com /members/admin translist.php
112.09.14 23:11 B C:\VijayProjects\essproducts\clicksure script\admin\translist.php --> ftp.rqcserver.com /members/admin translist.php
112.09.21 12:39 B C:\VijayProjects\essproducts\clicksure script\admin\processCSV.php --> ftp.rqcserver.com /members/admin processCSV.php
112.09.21 13:34 B C:\VijayProjects\essproducts\clicksure script\admin\processCSV.php --> ftp.rqcserver.com /members/admin processCSV.php
112.09.21 13:38 B C:\VijayProjects\essproducts\clicksure script\admin\processCSV.php --> ftp.rqcserver.com /members/admin processCSV.php
112.09.22 22:24 B C:\VijayProjects\essproducts\clicksure script\admin\processCSV.php --> ftp.rqcserver.com /members/admin processCSV.php
112.09.22 22:27 B C:\VijayProjects\essproducts\clicksure script\admin\processCSV.php --> ftp.rqcserver.com /members/admin processCSV.php
113.12.05 22:55 B C:\VijayProjects\essproducts\clickbetter\admin\calendar_icon.png --> ftp3.ftptoyoursite.com /web/content/memeraccess/admin calendar_icon.png
113.12.05 22:55 B C:\VijayProjects\essproducts\clickbetter\admin\checklogin.php --> ftp3.ftptoyoursite.com /web/content/memeraccess/admin checklogin.php
113.12.05 22:55 B C:\VijayProjects\essproducts\clickbetter\admin\export.csv --> ftp3.ftptoyoursite.com /web/content/memeraccess/admin export.csv
113.12.05 22:55 B C:\VijayProjects\essproducts\clickbetter\admin\index.php --> ftp3.ftptoyoursite.com /web/content/memeraccess/admin index.php
113.12.05 22:55 B C:\VijayProjects\essproducts\clickbetter\admin\manageregistrations.tpl --> ftp3.ftptoyoursite.com /web/content/memeraccess/admin manageregistrations.tpl
113.12.05 22:55 B C:\VijayProjects\essproducts\clickbetter\admin\processCSV.php --> ftp3.ftptoyoursite.com /web/content/memeraccess/admin processCSV.php
113.12.05 22:55 B C:\VijayProjects\essproducts\clickbetter\admin\productdetail.php --> ftp3.ftptoyoursite.com /web/content/memeraccess/admin productdetail.php
113.12.05 22:55 B C:\VijayProjects\essproducts\clickbetter\admin\productlist.tpl --> ftp3.ftptoyoursite.com /web/content/memeraccess/admin productlist.tpl
113.12.05 22:55 B C:\VijayProjects\essproducts\clickbetter\admin\productslist.php --> ftp3.ftptoyoursite.com /web/content/memeraccess/admin productslist.php
113.12.05 22:55 B C:\VijayProjects\essproducts\clickbetter\admin\receipts.csv --> ftp3.ftptoyoursite.com /web/content/memeraccess/admin receipts.csv
113.12.05 22:55 B C:\VijayProjects\essproducts\clickbetter\admin\restoredatabase.php --> ftp3.ftptoyoursite.com /web/content/memeraccess/admin restoredatabase.php
113.12.05 22:55 B C:\VijayProjects\essproducts\clickbetter\admin\searchtrans.tpl --> ftp3.ftptoyoursite.com /web/content/memeraccess/admin searchtrans.tpl
113.12.05 22:55 B C:\VijayProjects\essproducts\clickbetter\admin\searchtranslist.php --> ftp3.ftptoyoursite.com /web/content/memeraccess/admin searchtranslist.php
113.12.05 22:55 B C:\VijayProjects\essproducts\clickbetter\admin\searechtrans.tpl --> ftp3.ftptoyoursite.com /web/content/memeraccess/admin searechtrans.tpl
113.12.05 22:55 B C:\VijayProjects\essproducts\clickbetter\admin\success.htm --> ftp3.ftptoyoursite.com /web/content/memeraccess/admin success.htm
113.12.05 22:55 B C:\VijayProjects\essproducts\clickbetter\admin\transdetail.php --> ftp3.ftptoyoursite.com /web/content/memeraccess/admin transdetail.php
113.12.05 22:55 B C:\VijayProjects\essproducts\clickbetter\admin\transdetailadd.php --> ftp3.ftptoyoursite.com /web/content/memeraccess/admin transdetailadd.php
113.12.05 22:55 B C:\VijayProjects\essproducts\clickbetter\admin\translist.php --> ftp3.ftptoyoursite.com /web/content/memeraccess/admin translist.php
113.12.05 22:55 B C:\VijayProjects\essproducts\clickbetter\admin\updatedeliverysettings.php --> ftp3.ftptoyoursite.com /web/content/memeraccess/admin updatedeliverysettings.php
113.12.05 22:55 B C:\VijayProjects\essproducts\clickbetter\admin\updatesettings.php --> ftp3.ftptoyoursite.com /web/content/memeraccess/admin updatesettings.php
113.12.05 22:55 B C:\VijayProjects\essproducts\clickbetter\admin\WS_FTP.LOG --> ftp3.ftptoyoursite.com /web/content/memeraccess/admin WS_FTP.LOG
113.12.05 23:00 B C:\VijayProjects\essproducts\clickbetter\admin\manageregistrations.tpl --> ftp3.ftptoyoursite.com /web/content/memeraccess/admin manageregistrations.tpl
113.12.07 16:19 B C:\VijayProjects\essproducts\clickbetter\admin\calendar_icon.png --> ftp3.ftptoyoursite.com /customers/admin calendar_icon.png
113.12.07 16:19 B C:\VijayProjects\essproducts\clickbetter\admin\checklogin.php --> ftp3.ftptoyoursite.com /customers/admin checklogin.php
113.12.07 16:19 B C:\VijayProjects\essproducts\clickbetter\admin\export.csv --> ftp3.ftptoyoursite.com /customers/admin export.csv
113.12.07 16:19 B C:\VijayProjects\essproducts\clickbetter\admin\index.php --> ftp3.ftptoyoursite.com /customers/admin index.php
113.12.07 16:19 B C:\VijayProjects\essproducts\clickbetter\admin\manageregistrations.tpl --> ftp3.ftptoyoursite.com /customers/admin manageregistrations.tpl
113.12.07 16:19 B C:\VijayProjects\essproducts\clickbetter\admin\processCSV.php --> ftp3.ftptoyoursite.com /customers/admin processCSV.php
113.12.07 16:19 B C:\VijayProjects\essproducts\clickbetter\admin\productdetail.php --> ftp3.ftptoyoursite.com /customers/admin productdetail.php
113.12.07 16:19 B C:\VijayProjects\essproducts\clickbetter\admin\productlist.tpl --> ftp3.ftptoyoursite.com /customers/admin productlist.tpl
113.12.07 16:19 B C:\VijayProjects\essproducts\clickbetter\admin\productslist.php --> ftp3.ftptoyoursite.com /customers/admin productslist.php
113.12.07 16:19 B C:\VijayProjects\essproducts\clickbetter\admin\receipts.csv --> ftp3.ftptoyoursite.com /customers/admin receipts.csv
113.12.07 16:20 B C:\VijayProjects\essproducts\clickbetter\admin\restoredatabase.php --> ftp3.ftptoyoursite.com /customers/admin restoredatabase.php
113.12.07 16:20 B C:\VijayProjects\essproducts\clickbetter\admin\searchtrans.tpl --> ftp3.ftptoyoursite.com /customers/admin searchtrans.tpl
113.12.07 16:20 B C:\VijayProjects\essproducts\clickbetter\admin\searchtranslist.php --> ftp3.ftptoyoursite.com /customers/admin searchtranslist.php
113.12.07 16:20 B C:\VijayProjects\essproducts\clickbetter\admin\searechtrans.tpl --> ftp3.ftptoyoursite.com /customers/admin searechtrans.tpl
113.12.07 16:20 B C:\VijayProjects\essproducts\clickbetter\admin\success.htm --> ftp3.ftptoyoursite.com /customers/admin success.htm
113.12.07 16:20 B C:\VijayProjects\essproducts\clickbetter\admin\transdetail.php --> ftp3.ftptoyoursite.com /customers/admin transdetail.php
113.12.07 16:20 B C:\VijayProjects\essproducts\clickbetter\admin\transdetailadd.php --> ftp3.ftptoyoursite.com /customers/admin transdetailadd.php
113.12.07 16:20 B C:\VijayProjects\essproducts\clickbetter\admin\translist.php --> ftp3.ftptoyoursite.com /customers/admin translist.php
113.12.07 16:20 B C:\VijayProjects\essproducts\clickbetter\admin\updatedeliverysettings.php --> ftp3.ftptoyoursite.com /customers/admin updatedeliverysettings.php
113.12.07 16:20 B C:\VijayProjects\essproducts\clickbetter\admin\updatesettings.php --> ftp3.ftptoyoursite.com /customers/admin updatesettings.php
113.12.07 16:20 B C:\VijayProjects\essproducts\clickbetter\admin\WS_FTP.LOG --> ftp3.ftptoyoursite.com /customers/admin WS_FTP.LOG
