111.01.31 23:58 B E:\VijayProjects\essproducts\pmverify\admin\datepickercontrol\calendar_icon.png --> ftp3.ftptoyoursite.com /web/content/pmverify/admin/datepickercontrol calendar_icon.png
111.01.31 23:58 B E:\VijayProjects\essproducts\pmverify\admin\datepickercontrol\calendar_icon_big.png --> ftp3.ftptoyoursite.com /web/content/pmverify/admin/datepickercontrol calendar_icon_big.png
111.01.31 23:58 B E:\VijayProjects\essproducts\pmverify\admin\datepickercontrol\datepickercontrol.css --> ftp3.ftptoyoursite.com /web/content/pmverify/admin/datepickercontrol datepickercontrol.css
111.01.31 23:58 B E:\VijayProjects\essproducts\pmverify\admin\datepickercontrol\datepickercontrol.js --> ftp3.ftptoyoursite.com /web/content/pmverify/admin/datepickercontrol datepickercontrol.js
111.01.31 23:58 B E:\VijayProjects\essproducts\pmverify\admin\datepickercontrol\ff_take.png --> ftp3.ftptoyoursite.com /web/content/pmverify/admin/datepickercontrol ff_take.png
111.02.01 00:00 B E:\VijayProjects\essproducts\pmverify\admin\datepickercontrol\calendar_icon.png --> ftp3.ftptoyoursite.com /web/content/pmverify/admin calendar_icon.png
112.09.14 15:10 B C:\VijayProjects\essproducts\clicksure script\admin\datepickercontrol\.directory --> ftp.rqcserver.com /members/admin/datepickercontrol .directory
112.09.14 15:10 B C:\VijayProjects\essproducts\clicksure script\admin\datepickercontrol\bug-tester.html --> ftp.rqcserver.com /members/admin/datepickercontrol bug-tester.html
112.09.14 15:10 B C:\VijayProjects\essproducts\clicksure script\admin\datepickercontrol\calendar_icon.png --> ftp.rqcserver.com /members/admin/datepickercontrol calendar_icon.png
112.09.14 15:10 B C:\VijayProjects\essproducts\clicksure script\admin\datepickercontrol\calendar_icon_big.png --> ftp.rqcserver.com /members/admin/datepickercontrol calendar_icon_big.png
112.09.14 15:10 B C:\VijayProjects\essproducts\clicksure script\admin\datepickercontrol\content.css --> ftp.rqcserver.com /members/admin/datepickercontrol content.css
112.09.14 15:10 B C:\VijayProjects\essproducts\clicksure script\admin\datepickercontrol\crazy-calendar.html --> ftp.rqcserver.com /members/admin/datepickercontrol crazy-calendar.html
112.09.14 15:10 B C:\VijayProjects\essproducts\clicksure script\admin\datepickercontrol\datepickercontrol.css --> ftp.rqcserver.com /members/admin/datepickercontrol datepickercontrol.css
112.09.14 15:10 B C:\VijayProjects\essproducts\clicksure script\admin\datepickercontrol\datepickercontrol.js --> ftp.rqcserver.com /members/admin/datepickercontrol datepickercontrol.js
112.09.14 15:10 B C:\VijayProjects\essproducts\clicksure script\admin\datepickercontrol\datepickercontrol_bluegray.css --> ftp.rqcserver.com /members/admin/datepickercontrol datepickercontrol_bluegray.css
112.09.14 15:10 B C:\VijayProjects\essproducts\clicksure script\admin\datepickercontrol\datepickercontrol_darkred.css --> ftp.rqcserver.com /members/admin/datepickercontrol datepickercontrol_darkred.css
112.09.14 15:10 B C:\VijayProjects\essproducts\clicksure script\admin\datepickercontrol\datepickercontrol_lnx.css --> ftp.rqcserver.com /members/admin/datepickercontrol datepickercontrol_lnx.css
112.09.14 15:10 B C:\VijayProjects\essproducts\clicksure script\admin\datepickercontrol\datepickercontrol_mozilla.css --> ftp.rqcserver.com /members/admin/datepickercontrol datepickercontrol_mozilla.css
112.09.14 15:10 B C:\VijayProjects\essproducts\clicksure script\admin\datepickercontrol\ff_take.png --> ftp.rqcserver.com /members/admin/datepickercontrol ff_take.png
112.09.14 15:10 B C:\VijayProjects\essproducts\clicksure script\admin\datepickercontrol\first-day-example.html --> ftp.rqcserver.com /members/admin/datepickercontrol first-day-example.html
112.09.14 15:10 B C:\VijayProjects\essproducts\clicksure script\admin\datepickercontrol\i18n_bulgarian.txt --> ftp.rqcserver.com /members/admin/datepickercontrol i18n_bulgarian.txt
112.09.14 15:10 B C:\VijayProjects\essproducts\clicksure script\admin\datepickercontrol\i18n_turkish.txt --> ftp.rqcserver.com /members/admin/datepickercontrol i18n_turkish.txt
112.09.14 15:10 B C:\VijayProjects\essproducts\clicksure script\admin\datepickercontrol\index-es.html --> ftp.rqcserver.com /members/admin/datepickercontrol index-es.html
112.09.14 15:10 B C:\VijayProjects\essproducts\clicksure script\admin\datepickercontrol\index.html --> ftp.rqcserver.com /members/admin/datepickercontrol index.html
112.09.14 15:10 B C:\VijayProjects\essproducts\clicksure script\admin\datepickercontrol\minmaxtest.html --> ftp.rqcserver.com /members/admin/datepickercontrol minmaxtest.html
112.09.14 15:10 B C:\VijayProjects\essproducts\clicksure script\admin\datepickercontrol\mozilla-theme.html --> ftp.rqcserver.com /members/admin/datepickercontrol mozilla-theme.html
112.09.14 15:10 B C:\VijayProjects\essproducts\clicksure script\admin\datepickercontrol\paypal-donate.png --> ftp.rqcserver.com /members/admin/datepickercontrol paypal-donate.png
112.09.14 15:10 B C:\VijayProjects\essproducts\clicksure script\admin\datepickercontrol\README --> ftp.rqcserver.com /members/admin/datepickercontrol README
112.09.14 15:10 B C:\VijayProjects\essproducts\clicksure script\admin\datepickercontrol\thanks.html --> ftp.rqcserver.com /members/admin/datepickercontrol thanks.html
112.09.14 15:10 B C:\VijayProjects\essproducts\clicksure script\admin\datepickercontrol\WS_FTP.LOG --> ftp.rqcserver.com /members/admin/datepickercontrol WS_FTP.LOG
113.12.05 22:54 B C:\VijayProjects\essproducts\clickbetter\admin\datepickercontrol\.directory --> ftp3.ftptoyoursite.com /web/content/memeraccess/admin/datepickercontrol .directory
113.12.05 22:54 B C:\VijayProjects\essproducts\clickbetter\admin\datepickercontrol\bug-tester.html --> ftp3.ftptoyoursite.com /web/content/memeraccess/admin/datepickercontrol bug-tester.html
113.12.05 22:54 B C:\VijayProjects\essproducts\clickbetter\admin\datepickercontrol\calendar_icon.png --> ftp3.ftptoyoursite.com /web/content/memeraccess/admin/datepickercontrol calendar_icon.png
113.12.05 22:54 B C:\VijayProjects\essproducts\clickbetter\admin\datepickercontrol\calendar_icon_big.png --> ftp3.ftptoyoursite.com /web/content/memeraccess/admin/datepickercontrol calendar_icon_big.png
113.12.05 22:54 B C:\VijayProjects\essproducts\clickbetter\admin\datepickercontrol\content.css --> ftp3.ftptoyoursite.com /web/content/memeraccess/admin/datepickercontrol content.css
113.12.05 22:54 B C:\VijayProjects\essproducts\clickbetter\admin\datepickercontrol\crazy-calendar.html --> ftp3.ftptoyoursite.com /web/content/memeraccess/admin/datepickercontrol crazy-calendar.html
113.12.05 22:54 B C:\VijayProjects\essproducts\clickbetter\admin\datepickercontrol\datepickercontrol.css --> ftp3.ftptoyoursite.com /web/content/memeraccess/admin/datepickercontrol datepickercontrol.css
113.12.05 22:54 B C:\VijayProjects\essproducts\clickbetter\admin\datepickercontrol\datepickercontrol.js --> ftp3.ftptoyoursite.com /web/content/memeraccess/admin/datepickercontrol datepickercontrol.js
113.12.05 22:54 B C:\VijayProjects\essproducts\clickbetter\admin\datepickercontrol\datepickercontrol_bluegray.css --> ftp3.ftptoyoursite.com /web/content/memeraccess/admin/datepickercontrol datepickercontrol_bluegray.css
113.12.05 22:54 B C:\VijayProjects\essproducts\clickbetter\admin\datepickercontrol\datepickercontrol_darkred.css --> ftp3.ftptoyoursite.com /web/content/memeraccess/admin/datepickercontrol datepickercontrol_darkred.css
113.12.05 22:54 B C:\VijayProjects\essproducts\clickbetter\admin\datepickercontrol\datepickercontrol_lnx.css --> ftp3.ftptoyoursite.com /web/content/memeraccess/admin/datepickercontrol datepickercontrol_lnx.css
113.12.05 22:54 B C:\VijayProjects\essproducts\clickbetter\admin\datepickercontrol\datepickercontrol_mozilla.css --> ftp3.ftptoyoursite.com /web/content/memeraccess/admin/datepickercontrol datepickercontrol_mozilla.css
113.12.05 22:54 B C:\VijayProjects\essproducts\clickbetter\admin\datepickercontrol\ff_take.png --> ftp3.ftptoyoursite.com /web/content/memeraccess/admin/datepickercontrol ff_take.png
113.12.05 22:54 B C:\VijayProjects\essproducts\clickbetter\admin\datepickercontrol\first-day-example.html --> ftp3.ftptoyoursite.com /web/content/memeraccess/admin/datepickercontrol first-day-example.html
113.12.05 22:54 B C:\VijayProjects\essproducts\clickbetter\admin\datepickercontrol\i18n_bulgarian.txt --> ftp3.ftptoyoursite.com /web/content/memeraccess/admin/datepickercontrol i18n_bulgarian.txt
113.12.05 22:54 B C:\VijayProjects\essproducts\clickbetter\admin\datepickercontrol\i18n_turkish.txt --> ftp3.ftptoyoursite.com /web/content/memeraccess/admin/datepickercontrol i18n_turkish.txt
113.12.05 22:54 B C:\VijayProjects\essproducts\clickbetter\admin\datepickercontrol\index-es.html --> ftp3.ftptoyoursite.com /web/content/memeraccess/admin/datepickercontrol index-es.html
113.12.05 22:54 B C:\VijayProjects\essproducts\clickbetter\admin\datepickercontrol\index.html --> ftp3.ftptoyoursite.com /web/content/memeraccess/admin/datepickercontrol index.html
113.12.05 22:54 B C:\VijayProjects\essproducts\clickbetter\admin\datepickercontrol\minmaxtest.html --> ftp3.ftptoyoursite.com /web/content/memeraccess/admin/datepickercontrol minmaxtest.html
113.12.05 22:55 B C:\VijayProjects\essproducts\clickbetter\admin\datepickercontrol\mozilla-theme.html --> ftp3.ftptoyoursite.com /web/content/memeraccess/admin/datepickercontrol mozilla-theme.html
113.12.05 22:55 B C:\VijayProjects\essproducts\clickbetter\admin\datepickercontrol\paypal-donate.png --> ftp3.ftptoyoursite.com /web/content/memeraccess/admin/datepickercontrol paypal-donate.png
113.12.05 22:55 B C:\VijayProjects\essproducts\clickbetter\admin\datepickercontrol\README --> ftp3.ftptoyoursite.com /web/content/memeraccess/admin/datepickercontrol README
113.12.05 22:55 B C:\VijayProjects\essproducts\clickbetter\admin\datepickercontrol\thanks.html --> ftp3.ftptoyoursite.com /web/content/memeraccess/admin/datepickercontrol thanks.html
113.12.05 22:55 B C:\VijayProjects\essproducts\clickbetter\admin\datepickercontrol\WS_FTP.LOG --> ftp3.ftptoyoursite.com /web/content/memeraccess/admin/datepickercontrol WS_FTP.LOG
113.12.07 16:18 B C:\VijayProjects\essproducts\clickbetter\admin\datepickercontrol\.directory --> ftp3.ftptoyoursite.com /customers/admin/datepickercontrol .directory
113.12.07 16:18 B C:\VijayProjects\essproducts\clickbetter\admin\datepickercontrol\bug-tester.html --> ftp3.ftptoyoursite.com /customers/admin/datepickercontrol bug-tester.html
113.12.07 16:18 B C:\VijayProjects\essproducts\clickbetter\admin\datepickercontrol\calendar_icon.png --> ftp3.ftptoyoursite.com /customers/admin/datepickercontrol calendar_icon.png
113.12.07 16:18 B C:\VijayProjects\essproducts\clickbetter\admin\datepickercontrol\calendar_icon_big.png --> ftp3.ftptoyoursite.com /customers/admin/datepickercontrol calendar_icon_big.png
113.12.07 16:18 B C:\VijayProjects\essproducts\clickbetter\admin\datepickercontrol\content.css --> ftp3.ftptoyoursite.com /customers/admin/datepickercontrol content.css
113.12.07 16:18 B C:\VijayProjects\essproducts\clickbetter\admin\datepickercontrol\crazy-calendar.html --> ftp3.ftptoyoursite.com /customers/admin/datepickercontrol crazy-calendar.html
113.12.07 16:18 B C:\VijayProjects\essproducts\clickbetter\admin\datepickercontrol\datepickercontrol.css --> ftp3.ftptoyoursite.com /customers/admin/datepickercontrol datepickercontrol.css
113.12.07 16:18 B C:\VijayProjects\essproducts\clickbetter\admin\datepickercontrol\datepickercontrol.js --> ftp3.ftptoyoursite.com /customers/admin/datepickercontrol datepickercontrol.js
113.12.07 16:18 B C:\VijayProjects\essproducts\clickbetter\admin\datepickercontrol\datepickercontrol_bluegray.css --> ftp3.ftptoyoursite.com /customers/admin/datepickercontrol datepickercontrol_bluegray.css
113.12.07 16:18 B C:\VijayProjects\essproducts\clickbetter\admin\datepickercontrol\datepickercontrol_darkred.css --> ftp3.ftptoyoursite.com /customers/admin/datepickercontrol datepickercontrol_darkred.css
113.12.07 16:18 B C:\VijayProjects\essproducts\clickbetter\admin\datepickercontrol\datepickercontrol_lnx.css --> ftp3.ftptoyoursite.com /customers/admin/datepickercontrol datepickercontrol_lnx.css
113.12.07 16:19 B C:\VijayProjects\essproducts\clickbetter\admin\datepickercontrol\datepickercontrol_mozilla.css --> ftp3.ftptoyoursite.com /customers/admin/datepickercontrol datepickercontrol_mozilla.css
113.12.07 16:19 B C:\VijayProjects\essproducts\clickbetter\admin\datepickercontrol\ff_take.png --> ftp3.ftptoyoursite.com /customers/admin/datepickercontrol ff_take.png
113.12.07 16:19 B C:\VijayProjects\essproducts\clickbetter\admin\datepickercontrol\first-day-example.html --> ftp3.ftptoyoursite.com /customers/admin/datepickercontrol first-day-example.html
113.12.07 16:19 B C:\VijayProjects\essproducts\clickbetter\admin\datepickercontrol\i18n_bulgarian.txt --> ftp3.ftptoyoursite.com /customers/admin/datepickercontrol i18n_bulgarian.txt
113.12.07 16:19 B C:\VijayProjects\essproducts\clickbetter\admin\datepickercontrol\i18n_turkish.txt --> ftp3.ftptoyoursite.com /customers/admin/datepickercontrol i18n_turkish.txt
113.12.07 16:19 B C:\VijayProjects\essproducts\clickbetter\admin\datepickercontrol\index-es.html --> ftp3.ftptoyoursite.com /customers/admin/datepickercontrol index-es.html
113.12.07 16:19 B C:\VijayProjects\essproducts\clickbetter\admin\datepickercontrol\index.html --> ftp3.ftptoyoursite.com /customers/admin/datepickercontrol index.html
113.12.07 16:19 B C:\VijayProjects\essproducts\clickbetter\admin\datepickercontrol\minmaxtest.html --> ftp3.ftptoyoursite.com /customers/admin/datepickercontrol minmaxtest.html
113.12.07 16:19 B C:\VijayProjects\essproducts\clickbetter\admin\datepickercontrol\mozilla-theme.html --> ftp3.ftptoyoursite.com /customers/admin/datepickercontrol mozilla-theme.html
113.12.07 16:19 B C:\VijayProjects\essproducts\clickbetter\admin\datepickercontrol\paypal-donate.png --> ftp3.ftptoyoursite.com /customers/admin/datepickercontrol paypal-donate.png
113.12.07 16:19 B C:\VijayProjects\essproducts\clickbetter\admin\datepickercontrol\README --> ftp3.ftptoyoursite.com /customers/admin/datepickercontrol README
113.12.07 16:19 B C:\VijayProjects\essproducts\clickbetter\admin\datepickercontrol\thanks.html --> ftp3.ftptoyoursite.com /customers/admin/datepickercontrol thanks.html
113.12.07 16:19 B C:\VijayProjects\essproducts\clickbetter\admin\datepickercontrol\WS_FTP.LOG --> ftp3.ftptoyoursite.com /customers/admin/datepickercontrol WS_FTP.LOG
