111.01.22 22:01 B E:\VijayProjects\essproducts\pmverify\scripts\lib.js --> ftp3.ftptoyoursite.com /web/content/pmverify/scripts lib.js
111.01.22 22:01 B E:\VijayProjects\essproducts\pmverify\scripts\popup.js --> ftp3.ftptoyoursite.com /web/content/pmverify/scripts popup.js
111.01.22 22:01 B E:\VijayProjects\essproducts\pmverify\scripts\prototype.js --> ftp3.ftptoyoursite.com /web/content/pmverify/scripts prototype.js
111.01.22 22:01 B E:\VijayProjects\essproducts\pmverify\scripts\scriptaculous.js --> ftp3.ftptoyoursite.com /web/content/pmverify/scripts scriptaculous.js
112.09.14 15:11 B C:\VijayProjects\essproducts\clicksure script\scripts\lib.js --> ftp.rqcserver.com /members/scripts lib.js
112.09.14 15:11 B C:\VijayProjects\essproducts\clicksure script\scripts\popup.js --> ftp.rqcserver.com /members/scripts popup.js
112.09.14 15:11 B C:\VijayProjects\essproducts\clicksure script\scripts\prototype.js --> ftp.rqcserver.com /members/scripts prototype.js
112.09.14 15:11 B C:\VijayProjects\essproducts\clicksure script\scripts\scriptaculous.js --> ftp.rqcserver.com /members/scripts scriptaculous.js
112.09.14 15:11 B C:\VijayProjects\essproducts\clicksure script\scripts\WS_FTP.LOG --> ftp.rqcserver.com /members/scripts WS_FTP.LOG
112.09.26 00:31 B C:\VijayProjects\essproducts\clicksure script\scripts\clicksurecallback.php <-- ftp.rqcserver.com / clicksurecallback.php
113.12.05 22:57 B C:\VijayProjects\essproducts\clickbetter\scripts\WS_FTP.LOG --> ftp3.ftptoyoursite.com /web/content/memeraccess/scripts WS_FTP.LOG
113.12.05 22:57 B C:\VijayProjects\essproducts\clickbetter\scripts\clicksurecallback.php --> ftp3.ftptoyoursite.com /web/content/memeraccess/scripts clicksurecallback.php
113.12.05 22:57 B C:\VijayProjects\essproducts\clickbetter\scripts\scriptaculous.js --> ftp3.ftptoyoursite.com /web/content/memeraccess/scripts scriptaculous.js
113.12.05 22:57 B C:\VijayProjects\essproducts\clickbetter\scripts\prototype.js --> ftp3.ftptoyoursite.com /web/content/memeraccess/scripts prototype.js
113.12.05 22:57 B C:\VijayProjects\essproducts\clickbetter\scripts\popup.js --> ftp3.ftptoyoursite.com /web/content/memeraccess/scripts popup.js
113.12.05 22:57 B C:\VijayProjects\essproducts\clickbetter\scripts\lib.js --> ftp3.ftptoyoursite.com /web/content/memeraccess/scripts lib.js
113.12.07 16:21 B C:\VijayProjects\essproducts\clickbetter\scripts\clicksurecallback.php --> ftp3.ftptoyoursite.com /customers/scripts clicksurecallback.php
113.12.07 16:21 B C:\VijayProjects\essproducts\clickbetter\scripts\lib.js --> ftp3.ftptoyoursite.com /customers/scripts lib.js
113.12.07 16:21 B C:\VijayProjects\essproducts\clickbetter\scripts\popup.js --> ftp3.ftptoyoursite.com /customers/scripts popup.js
113.12.07 16:21 B C:\VijayProjects\essproducts\clickbetter\scripts\prototype.js --> ftp3.ftptoyoursite.com /customers/scripts prototype.js
113.12.07 16:21 B C:\VijayProjects\essproducts\clickbetter\scripts\scriptaculous.js --> ftp3.ftptoyoursite.com /customers/scripts scriptaculous.js
113.12.07 16:21 B C:\VijayProjects\essproducts\clickbetter\scripts\WS_FTP.LOG --> ftp3.ftptoyoursite.com /customers/scripts WS_FTP.LOG
